<html>
<head>
<title>TestNG:  Test</title>
<link href="../testng.css" rel="stylesheet" type="text/css" />
<link href="../my-testng.css" rel="stylesheet" type="text/css" />

<style type="text/css">
.log { display: none;} 
.stack-trace { display: none;} 
</style>
<script type="text/javascript">
<!--
function flip(e) {
  current = e.style.display;
  if (current == 'block') {
    e.style.display = 'none';
    return 0;
  }
  else {
    e.style.display = 'block';
    return 1;
  }
}

function toggleBox(szDivId, elem, msg1, msg2)
{
  var res = -1;  if (document.getElementById) {
    res = flip(document.getElementById(szDivId));
  }
  else if (document.all) {
    // this is the way old msie versions work
    res = flip(document.all[szDivId]);
  }
  if(elem) {
    if(res == 0) elem.innerHTML = msg1; else elem.innerHTML = msg2;
  }

}

function toggleAllBoxes() {
  if (document.getElementsByTagName) {
    d = document.getElementsByTagName('div');
    for (i = 0; i < d.length; i++) {
      if (d[i].className == 'log') {
        flip(d[i]);
      }
    }
  }
}

// -->
</script>

</head>
<body>
<h2 align='center'>Test</h2><table border='1' align="center">
<tr>
<td>Tests passed/Failed/Skipped:</td><td>18/1/0</td>
</tr><tr>
<td>Started on:</td><td>Wed Mar 29 18:20:35 IST 2023</td>
</tr>
<tr><td>Total time:</td><td>80 seconds (80444 ms)</td>
</tr><tr>
<td>Included groups:</td><td></td>
</tr><tr>
<td>Excluded groups:</td><td></td>
</tr>
</table><p/>
<small><i>(Hover the method name to see the test class name)</i></small><p/>
<table width='100%' border='1' class='invocation-failed'>
<tr><td colspan='4' align='center'><b>FAILED TESTS</b></td></tr>
<tr><td><b>Test method</b></td>
<td width="30%"><b>Exception</b></td>
<td width="10%"><b>Time (seconds)</b></td>
<td><b>Instance</b></td>
</tr>
<tr>
<td title='TestCases.LogoutTestCases.testLogout()'><b>testLogout</b><br>Test class: TestCases.LogoutTestCases</td>
<td><div><pre>java.lang.AssertionError: expected [We Care About Your Health] but found [We Care For Your Health]
	at TestCases.LogoutTestCases.testLogout(LogoutTestCases.java:36)
	at java.base/java.util.ArrayList.forEach(ArrayList.java:1511)
... Removed 31 stack frames</pre></div><a href='#' onClick='toggleBox("stack-trace393183035", this, "Click to show all stack frames", "Click to hide stack frames")'>Click to show all stack frames</a>
<div class='stack-trace' id='stack-trace393183035'><pre>java.lang.AssertionError: expected [We Care About Your Health] but found [We Care For Your Health]
	at org.testng.Assert.fail(Assert.java:99)
	at org.testng.Assert.failNotEquals(Assert.java:1037)
	at org.testng.Assert.assertEqualsImpl(Assert.java:140)
	at org.testng.Assert.assertEquals(Assert.java:122)
	at org.testng.Assert.assertEquals(Assert.java:629)
	at org.testng.Assert.assertEquals(Assert.java:639)
	at TestCases.LogoutTestCases.testLogout(LogoutTestCases.java:36)
	at java.base/jdk.internal.reflect.DirectMethodHandleAccessor.invoke(DirectMethodHandleAccessor.java:104)
	at java.base/java.lang.reflect.Method.invoke(Method.java:578)
	at org.testng.internal.MethodInvocationHelper.invokeMethod(MethodInvocationHelper.java:133)
	at org.testng.internal.TestInvoker.invokeMethod(TestInvoker.java:598)
	at org.testng.internal.TestInvoker.invokeTestMethod(TestInvoker.java:173)
	at org.testng.internal.MethodRunner.runInSequence(MethodRunner.java:46)
	at org.testng.internal.TestInvoker$MethodInvocationAgent.invoke(TestInvoker.java:824)
	at org.testng.internal.TestInvoker.invokeTestMethods(TestInvoker.java:146)
	at org.testng.internal.TestMethodWorker.invokeTestMethods(TestMethodWorker.java:146)
	at org.testng.internal.TestMethodWorker.run(TestMethodWorker.java:128)
	at java.base/java.util.ArrayList.forEach(ArrayList.java:1511)
	at org.testng.TestRunner.privateRun(TestRunner.java:794)
	at org.testng.TestRunner.run(TestRunner.java:596)
	at org.testng.SuiteRunner.runTest(SuiteRunner.java:377)
	at org.testng.SuiteRunner.runSequentially(SuiteRunner.java:371)
	at org.testng.SuiteRunner.privateRun(SuiteRunner.java:332)
	at org.testng.SuiteRunner.run(SuiteRunner.java:276)
	at org.testng.SuiteRunnerWorker.runSuite(SuiteRunnerWorker.java:53)
	at org.testng.SuiteRunnerWorker.run(SuiteRunnerWorker.java:96)
	at org.testng.TestNG.runSuitesSequentially(TestNG.java:1212)
	at org.testng.TestNG.runSuitesLocally(TestNG.java:1134)
	at org.testng.TestNG.runSuites(TestNG.java:1063)
	at org.testng.TestNG.run(TestNG.java:1031)
	at org.testng.remote.AbstractRemoteTestNG.run(AbstractRemoteTestNG.java:115)
	at org.testng.remote.RemoteTestNG.initAndRun(RemoteTestNG.java:251)
	at org.testng.remote.RemoteTestNG.main(RemoteTestNG.java:77)
</pre></div></td>
<td>2</td>
<td>TestCases.LogoutTestCases@418e7838</td></tr>
</table><p>
<table width='100%' border='1' class='invocation-passed'>
<tr><td colspan='4' align='center'><b>PASSED TESTS</b></td></tr>
<tr><td><b>Test method</b></td>
<td width="30%"><b>Exception</b></td>
<td width="10%"><b>Time (seconds)</b></td>
<td><b>Instance</b></td>
</tr>
<tr>
<td title='TestCases.HistoryAppointmentTestCases.verifyAppointment()'><b>verifyAppointment</b><br>Test class: TestCases.HistoryAppointmentTestCases</td>
<td></td>
<td>1</td>
<td>TestCases.HistoryAppointmentTestCases@4a22f9e2</td></tr>
<tr>
<td title='TestCases.LoginTestCases.invalidUser()'><b>invalidUser</b><br>Test class: TestCases.LoginTestCases</td>
<td></td>
<td>5</td>
<td>TestCases.LoginTestCases@49d904ec</td></tr>
<tr>
<td title='TestCases.LoginFunctionalityTestCase.VerifyUser()'><b>VerifyUser</b><br>Test class: TestCases.LoginFunctionalityTestCase<br>Parameters: johndoe@gmail.com, qwerrty</td>
<td></td>
<td>3</td>
<td>TestCases.LoginFunctionalityTestCase@61230f6a</td></tr>
<tr>
<td title='TestCases.HomeTestCases.testHomeScreen()'><b>testHomeScreen</b><br>Test class: TestCases.HomeTestCases</td>
<td></td>
<td>3</td>
<td>TestCases.HomeTestCases@2473d930</td></tr>
<tr>
<td title='TestCases.LoginFunctionalityTestCase.VerifyUser()'><b>VerifyUser</b><br>Test class: TestCases.LoginFunctionalityTestCase<br>Parameters: John Doe, ThisIsNotAPassword</td>
<td></td>
<td>3</td>
<td>TestCases.LoginFunctionalityTestCase@61230f6a</td></tr>
<tr>
<td title='TestCases.HistoryAppointmentTestCases.verifyUser()'><b>verifyUser</b><br>Test class: TestCases.HistoryAppointmentTestCases</td>
<td></td>
<td>1</td>
<td>TestCases.HistoryAppointmentTestCases@4a22f9e2</td></tr>
<tr>
<td title='TestCases.HistoryTestCases.verifynoHistory()'><b>verifynoHistory</b><br>Test class: TestCases.HistoryTestCases</td>
<td></td>
<td>4</td>
<td>TestCases.HistoryTestCases@3c419631</td></tr>
<tr>
<td title='TestCases.LoginTestCases.alterUser()'><b>alterUser</b><br>Test class: TestCases.LoginTestCases</td>
<td></td>
<td>11</td>
<td>TestCases.LoginTestCases@49d904ec</td></tr>
<tr>
<td title='TestCases.MakeAppointment.verifyAppointment()'><b>verifyAppointment</b><br>Test class: TestCases.MakeAppointment</td>
<td></td>
<td>3</td>
<td>TestCases.MakeAppointment@4b5d6a01</td></tr>
<tr>
<td title='TestCases.LoginTestCases.noUser()'><b>noUser</b><br>Test class: TestCases.LoginTestCases</td>
<td></td>
<td>5</td>
<td>TestCases.LoginTestCases@49d904ec</td></tr>
<tr>
<td title='TestCases.HistoryAppointmentTestCases.verifyAppointment1()'><b>verifyAppointment1</b><br>Test class: TestCases.HistoryAppointmentTestCases</td>
<td></td>
<td>1</td>
<td>TestCases.HistoryAppointmentTestCases@4a22f9e2</td></tr>
<tr>
<td title='TestCases.HistoryTestCases.verifyUser()'><b>verifyUser</b><br>Test class: TestCases.HistoryTestCases</td>
<td></td>
<td>1</td>
<td>TestCases.HistoryTestCases@3c419631</td></tr>
<tr>
<td title='TestCases.LoginFunctionalityTestCase.VerifyUser()'><b>VerifyUser</b><br>Test class: TestCases.LoginFunctionalityTestCase<br>Parameters: abc, xyz</td>
<td></td>
<td>3</td>
<td>TestCases.LoginFunctionalityTestCase@61230f6a</td></tr>
<tr>
<td title='TestCases.LoginTestCases.validUser()'><b>validUser</b><br>Test class: TestCases.LoginTestCases</td>
<td></td>
<td>9</td>
<td>TestCases.LoginTestCases@49d904ec</td></tr>
<tr>
<td title='TestCases.LoginFunctionalityTestCase.VerifyUser()'><b>VerifyUser</b><br>Test class: TestCases.LoginFunctionalityTestCase<br>Parameters: abc, abcde</td>
<td></td>
<td>3</td>
<td>TestCases.LoginFunctionalityTestCase@61230f6a</td></tr>
<tr>
<td title='TestCases.MakeAppointment.verifyUser()'><b>verifyUser</b><br>Test class: TestCases.MakeAppointment</td>
<td></td>
<td>2</td>
<td>TestCases.MakeAppointment@4b5d6a01</td></tr>
<tr>
<td title='TestCases.LoginFunctionalityTestCase.VerifyUser()'><b>VerifyUser</b><br>Test class: TestCases.LoginFunctionalityTestCase<br>Parameters: John, Passord</td>
<td></td>
<td>3</td>
<td>TestCases.LoginFunctionalityTestCase@61230f6a</td></tr>
<tr>
<td title='TestCases.LoginFunctionalityTestCase.VerifyUser()'><b>VerifyUser</b><br>Test class: TestCases.LoginFunctionalityTestCase<br>Parameters: john@Doe.com, poiuyt</td>
<td></td>
<td>3</td>
<td>TestCases.LoginFunctionalityTestCase@61230f6a</td></tr>
</table><p>
</body>
</html>